#
# There is insufficient memory for the Java Runtime Environment to continue.
# Native memory allocation (mmap) failed to map 234881024 bytes for Failed to commit area from 0x0000000721400000 to 0x000000072f400000 of length 234881024.
# Possible reasons:
#   The system is out of physical RAM or swap space
#   The process is running with CompressedOops enabled, and the Java Heap may be blocking the growth of the native heap
# Possible solutions:
#   Reduce memory load on the system
#   Increase physical memory or swap space
#   Check if swap backing store is full
#   Decrease Java heap size (-Xmx/-Xms)
#   Decrease number of Java threads
#   Decrease Java thread stack sizes (-Xss)
#   Set larger code cache with -XX:ReservedCodeCacheSize=
# This output file may be truncated or incomplete.
#
#  Out of Memory Error (./src/hotspot/os/windows/os_windows.cpp:3521), pid=8244, tid=4612
#
# JRE version:  (11.0.12+7) (build )
# Java VM: OpenJDK 64-Bit Server VM (11.0.12+7-b1504.28-7817840, mixed mode, sharing, tiered, compressed oops, g1 gc, windows-amd64)
# No core dump will be written. Minidumps are not enabled by default on client versions of Windows
#

---------------  S U M M A R Y ------------

Command Line: 

Host: AMD Ryzen 5 3400G with Radeon Vega Graphics    , 8 cores, 13G,  Windows 10 , 64 bit Build 17763 (10.0.17763.475)
Time: Fri Jun  3 20:38:33 2022 Bangladesh Standard Time elapsed time: 0.021411 seconds (0d 0h 0m 0s)

---------------  T H R E A D  ---------------

Current thread (0x000001b9597ab800):  JavaThread "Unknown thread" [_thread_in_vm, id=4612, stack(0x0000001912900000,0x0000001912a00000)]

Stack: [0x0000001912900000,0x0000001912a00000]
Native frames: (J=compiled Java code, j=interpreted, Vv=VM code, C=native code)
V  [jvm.dll+0x5fbcea]
V  [jvm.dll+0x731905]
V  [jvm.dll+0x732f1d]
V  [jvm.dll+0x7335d3]
V  [jvm.dll+0x247bf8]
V  [jvm.dll+0x5f90b4]
V  [jvm.dll+0x5edc85]
V  [jvm.dll+0x305aeb]
V  [jvm.dll+0x305a5a]
V  [jvm.dll+0x305932]
V  [jvm.dll+0x30a896]
V  [jvm.dll+0x353803]
V  [jvm.dll+0x353f06]
V  [jvm.dll+0x353903]
V  [jvm.dll+0x2e0678]
V  [jvm.dll+0x2e1827]
V  [jvm.dll+0x710037]
V  [jvm.dll+0x71182c]
V  [jvm.dll+0x360da9]
V  [jvm.dll+0x6f390e]
V  [jvm.dll+0x3c9723]
V  [jvm.dll+0x3cb9b1]
C  [jli.dll+0x536b]
C  [ucrtbase.dll+0x21ffa]
C  [KERNEL32.DLL+0x17974]
C  [ntdll.dll+0x6a271]


---------------  P R O C E S S  ---------------

Threads class SMR info:
_java_thread_list=0x000001b957640bd0, length=0, elements={
}

Java Threads: ( => current thread )

Other Threads:
  0x000001b9597c3000 GCTaskThread "GC Thread#0" [stack: 0x0000001912a00000,0x0000001912b00000] [id=1568]
  0x000001b959813000 ConcurrentGCThread "G1 Main Marker" [stack: 0x0000001912b00000,0x0000001912c00000] [id=5904]
  0x000001b959816800 ConcurrentGCThread "G1 Conc#0" [stack: 0x0000001912c00000,0x0000001912d00000] [id=7616]

[error occurred during error reporting (printing all threads), id 0xc0000005, EXCEPTION_ACCESS_VIOLATION (0xc0000005) at pc=0x00007ff9b7820be7]

VM state:not at safepoint (not fully initialized)

VM Mutex/Monitor currently owned by a thread:  ([mutex/lock_event])
[0x000001b9597aa000] Heap_lock - owner thread: 0x000001b9597ab800

Heap address: 0x0000000721400000, size: 3564 MB, Compressed Oops mode: Non-zero based: 0x0000000721400000
Narrow klass base: 0x0000000000000000, Narrow klass shift: 0

GC Heap History (0 events):
No events

Deoptimization events (0 events):
No events

Classes redefined (0 events):
No events

Internal exceptions (0 events):
No events

Events (1 events):
Event: 0.010 Loaded shared library C:\Program Files\Android\Android Studio\jre\bin\zip.dll


Dynamic libraries:
0x00007ff757c50000 - 0x00007ff757c5a000 	C:\Program Files\Android\Android Studio\jre\bin\java.EXE
0x00007ff9edc20000 - 0x00007ff9ede0d000 	C:\Windows\SYSTEM32\ntdll.dll
0x00007ff9eca80000 - 0x00007ff9ecb33000 	C:\Windows\System32\KERNEL32.DLL
0x00007ff9ea9a0000 - 0x00007ff9eac33000 	C:\Windows\System32\KERNELBASE.dll
0x00007ff9eacf0000 - 0x00007ff9eadea000 	C:\Windows\System32\ucrtbase.dll
0x00007ff9d1010000 - 0x00007ff9d1029000 	C:\Program Files\Android\Android Studio\jre\bin\jli.dll
0x00007ff9cd2f0000 - 0x00007ff9cd307000 	C:\Program Files\Android\Android Studio\jre\bin\VCRUNTIME140.dll
0x00007ff9ed2b0000 - 0x00007ff9ed447000 	C:\Windows\System32\USER32.dll
0x00007ff9e9ce0000 - 0x00007ff9e9d00000 	C:\Windows\System32\win32u.dll
0x00007ff9ed220000 - 0x00007ff9ed249000 	C:\Windows\System32\GDI32.dll
0x00007ff9e9da0000 - 0x00007ff9e9f39000 	C:\Windows\System32\gdi32full.dll
0x00007ff9e9d00000 - 0x00007ff9e9da0000 	C:\Windows\System32\msvcp_win.dll
0x00007ff9d8130000 - 0x00007ff9d83a9000 	C:\Windows\WinSxS\amd64_microsoft.windows.common-controls_6595b64144ccf1df_6.0.17763.914_none_05b346b2072102f2\COMCTL32.dll
0x00007ff9ed500000 - 0x00007ff9ed59e000 	C:\Windows\System32\msvcrt.dll
0x00007ff9ecd20000 - 0x00007ff9ed04c000 	C:\Windows\System32\combase.dll
0x00007ff9ec6a0000 - 0x00007ff9ec7c2000 	C:\Windows\System32\RPCRT4.dll
0x00007ff9e9f70000 - 0x00007ff9e9fee000 	C:\Windows\System32\bcryptPrimitives.dll
0x00007ff9ed1f0000 - 0x00007ff9ed21e000 	C:\Windows\System32\IMM32.DLL
0x00007ff9b4df0000 - 0x00007ff9b4e8d000 	C:\Program Files\Android\Android Studio\jre\bin\msvcp140.dll
0x00007ff9b7530000 - 0x00007ff9b8015000 	C:\Program Files\Android\Android Studio\jre\bin\server\jvm.dll
0x00007ff9ed450000 - 0x00007ff9ed4f3000 	C:\Windows\System32\ADVAPI32.dll
0x00007ff9ec420000 - 0x00007ff9ec4be000 	C:\Windows\System32\sechost.dll
0x00007ff9eca70000 - 0x00007ff9eca78000 	C:\Windows\System32\PSAPI.DLL
0x00007ff9e69c0000 - 0x00007ff9e69e4000 	C:\Windows\SYSTEM32\WINMM.dll
0x00007ff9e4c70000 - 0x00007ff9e4c7a000 	C:\Windows\SYSTEM32\VERSION.dll
0x00007ff9e6ab0000 - 0x00007ff9e6ab9000 	C:\Windows\SYSTEM32\WSOCK32.dll
0x00007ff9e6990000 - 0x00007ff9e69bd000 	C:\Windows\SYSTEM32\WINMMBASE.dll
0x00007ff9eadf0000 - 0x00007ff9eae3a000 	C:\Windows\System32\cfgmgr32.dll
0x00007ff9eda20000 - 0x00007ff9eda8d000 	C:\Windows\System32\ws2_32.DLL
0x00007ff9e9c10000 - 0x00007ff9e9c21000 	C:\Windows\System32\kernel.appcore.dll
0x00007ff9e6140000 - 0x00007ff9e6151000 	C:\Program Files\Android\Android Studio\jre\bin\verify.dll
0x00007ff9d07f0000 - 0x00007ff9d09dd000 	C:\Windows\SYSTEM32\DBGHELP.DLL
0x00007ff9dbce0000 - 0x00007ff9dbd0a000 	C:\Windows\SYSTEM32\dbgcore.DLL
0x00007ff9e41b0000 - 0x00007ff9e41d9000 	C:\Program Files\Android\Android Studio\jre\bin\java.dll
0x00007ff9e6a00000 - 0x00007ff9e6a0b000 	C:\Program Files\Android\Android Studio\jre\bin\jimage.dll
0x00007ff9e3ec0000 - 0x00007ff9e3ed8000 	C:\Program Files\Android\Android Studio\jre\bin\zip.dll

dbghelp: loaded successfully - version: 4.0.5 - missing functions: none
symbol engine: initialized successfully - sym options: 0x614 - pdb path: .;C:\Program Files\Android\Android Studio\jre\bin;C:\Windows\SYSTEM32;C:\Windows\WinSxS\amd64_microsoft.windows.common-controls_6595b64144ccf1df_6.0.17763.914_none_05b346b2072102f2;C:\Program Files\Android\Android Studio\jre\bin\server

VM Arguments:
java_command: <unknown>
java_class_path (initial): <not set>
Launcher Type: SUN_STANDARD

[Global flags]
     intx CICompilerCount                          = 4                                         {product} {ergonomic}
     uint ConcGCThreads                            = 2                                         {product} {ergonomic}
     uint G1ConcRefinementThreads                  = 8                                         {product} {ergonomic}
   size_t G1HeapRegionSize                         = 1048576                                   {product} {ergonomic}
    uintx GCDrainStackTargetSize                   = 64                                        {product} {ergonomic}
   size_t InitialHeapSize                          = 234881024                                 {product} {ergonomic}
   size_t MarkStackSize                            = 4194304                                   {product} {ergonomic}
   size_t MaxHeapSize                              = 3737124864                                {product} {ergonomic}
   size_t MinHeapDeltaBytes                        = 1048576                                   {product} {ergonomic}
    uintx NonNMethodCodeHeapSize                   = 5836300                                {pd product} {ergonomic}
    uintx NonProfiledCodeHeapSize                  = 122910970                              {pd product} {ergonomic}
    uintx ProfiledCodeHeapSize                     = 122910970                              {pd product} {ergonomic}
    uintx ReservedCodeCacheSize                    = 251658240                              {pd product} {ergonomic}
     bool SegmentedCodeCache                       = true                                      {product} {ergonomic}
     bool UseCompressedClassPointers               = true                                 {lp64_product} {ergonomic}
     bool UseCompressedOops                        = true                                 {lp64_product} {ergonomic}
     bool UseG1GC                                  = true                                      {product} {ergonomic}
     bool UseLargePagesIndividualAllocation        = false                                  {pd product} {ergonomic}

Logging:
Log output configuration:
 #0: stdout all=warning uptime,level,tags
 #1: stderr all=off uptime,level,tags

Environment Variables:
PATH=C:\Windows\system32;C:\Windows;C:\Windows\System32\Wbem;C:\Windows\System32\WindowsPowerShell\v1.0\;C:\Windows\System32\OpenSSH\;C:\Program Files\Git\cmd;C:\Users\NAS\AppData\Local\Microsoft\WindowsApps;C:\src\flutter\bin;;C:\Users\NAS\AppData\Local\Programs\Microsoft VS Code\bin;C:\src\flutter\bin\mingit\cmd
USERNAME=NAS
OS=Windows_NT
PROCESSOR_IDENTIFIER=AMD64 Family 23 Model 24 Stepping 1, AuthenticAMD



---------------  S Y S T E M  ---------------

OS: Windows 10 , 64 bit Build 17763 (10.0.17763.475)
OS uptime: 3 days 0:06 hours

CPU:total 8 (initial active 8) (8 cores per cpu, 2 threads per core) family 23 model 24 stepping 1 microcode 0x0, cmov, cx8, fxsr, mmx, sse, sse2, sse3, ssse3, sse4.1, sse4.2, popcnt, avx, avx2, aes, clmul, mmxext, 3dnowpref, lzcnt, sse4a, ht, tsc, tscinvbit, tscinv, bmi1, bmi2, adx, sha, fma

Memory: 4k page, system-wide physical 14255M (2006M free)
TotalPageFile size 14255M (AvailPageFile size 186M)
current process WorkingSet (physical memory assigned to process): 9M, peak: 9M
current process commit charge ("private bytes"): 60M, peak: 284M

vm_info: OpenJDK 64-Bit Server VM (11.0.12+7-b1504.28-7817840) for windows-amd64 JRE (11.0.12+7-b1504.28-7817840), built on Oct 13 2021 22:12:33 by "builder" with MS VC++ 14.0 (VS2015)

END.
